<?xml version="1.0" encoding="UTF-8"?>
<!-- Generated by org.testng.reporters.JUnitReportReporter -->
<testsuite skipped="0" hostname="DESKTOP-U2B40K2" name="com.training.sanity.tests.SignUpTeacher" tests="1" failures="0" timestamp="2020-02-17T09:59:25 IST" time="55.408" errors="0">
  <testcase name="validSignUpTest" time="55.408" classname="com.training.sanity.tests.SignUpTeacher"/>
</testsuite> <!-- com.training.sanity.tests.SignUpTeacher -->
