<?xml version="1.0" encoding="UTF-8"?>
<!-- Generated by org.testng.reporters.JUnitReportReporter -->
<testsuite skipped="0" hostname="DESKTOP-U2B40K2" name="com.training.sanity.tests.SignUp" tests="1" failures="0" timestamp="2020-02-17T09:59:25 IST" time="56.107" errors="0">
  <testcase name="validSignUpTest" time="56.107" classname="com.training.sanity.tests.SignUp"/>
</testsuite> <!-- com.training.sanity.tests.SignUp -->
