<?xml version="1.0" encoding="UTF-8"?>
<!-- Generated by org.testng.reporters.JUnitReportReporter -->
<testsuite skipped="0" hostname="DESKTOP-U2B40K2" name="com.training.sanity.tests.LoginTests" tests="2" failures="0" timestamp="2020-02-17T09:59:25 IST" time="11.047" errors="0">
  <testcase name="validLoginTest" time="5.652" classname="com.training.sanity.tests.LoginTests"/>
  <testcase name="editProfileTest" time="5.395" classname="com.training.sanity.tests.LoginTests"/>
</testsuite> <!-- com.training.sanity.tests.LoginTests -->
