<?xml version="1.0" encoding="UTF-8"?>
<!-- Generated by org.testng.reporters.JUnitReportReporter -->
<testsuite skipped="0" hostname="DESKTOP-U2B40K2" name="com.training.sanity.tests.Fogotpassowrd" tests="1" failures="0" timestamp="2020-02-17T09:59:25 IST" time="19.601" errors="0">
  <testcase name="forgotPwdTest" time="19.601" classname="com.training.sanity.tests.Fogotpassowrd"/>
</testsuite> <!-- com.training.sanity.tests.Fogotpassowrd -->
